\BOOKMARK [1][-]{section.1}{Introduction}{}% 1
\BOOKMARK [1][-]{section.2}{Methods}{}% 2
\BOOKMARK [2][-]{subsection.2.1}{Purpose}{section.2}% 3
\BOOKMARK [2][-]{subsection.2.2}{Structure}{section.2}% 4
\BOOKMARK [2][-]{subsection.2.3}{Representation of processes}{section.2}% 5
\BOOKMARK [2][-]{subsection.2.4}{Initialisation and inputs}{section.2}% 6
\BOOKMARK [1][-]{section.3}{Simulation experiments}{}% 7
\BOOKMARK [2][-]{subsection.3.1}{Benefits of plasticity on single plant growth}{section.3}% 8
\BOOKMARK [2][-]{subsection.3.2}{Strategic differentiation and convergence}{section.3}% 9
\BOOKMARK [2][-]{subsection.3.3}{Potential and realised niche}{section.3}% 10
\BOOKMARK [1][-]{section.4}{Results}{}% 11
\BOOKMARK [2][-]{subsection.4.1}{Individual plant growth and phenotypic plasticity benefits}{section.4}% 12
\BOOKMARK [2][-]{subsection.4.2}{Strategic differentiation and convergence}{section.4}% 13
\BOOKMARK [2][-]{subsection.4.3}{Potential and realised niche}{section.4}% 14
\BOOKMARK [1][-]{section.5}{MountGrass description}{}% 15
\BOOKMARK [1][-]{section.6}{State variables, traits and parameters}{}% 16
\BOOKMARK [2][-]{subsection.6.1}{State variables}{section.6}% 17
\BOOKMARK [2][-]{subsection.6.2}{Species specific traits}{section.6}% 18
\BOOKMARK [2][-]{subsection.6.3}{Parameters}{section.6}% 19
\BOOKMARK [1][-]{section.7}{Simulations}{}% 20
