\BOOKMARK [1][-]{section.1}{Introduction}{}% 1
\BOOKMARK [1][-]{section.2}{Methods}{}% 2
\BOOKMARK [2][-]{subsection.2.1}{Model overview and concepts}{section.2}% 3
\BOOKMARK [2][-]{subsection.2.2}{Calibration}{section.2}% 4
\BOOKMARK [2][-]{subsection.2.3}{Simulation setup}{section.2}% 5
\BOOKMARK [1][-]{section.3}{Results}{}% 6
\BOOKMARK [2][-]{subsection.3.1}{Growth of diverse species}{section.3}% 7
\BOOKMARK [2][-]{subsection.3.2}{Community level}{section.3}% 8
\BOOKMARK [1][-]{section.4}{Discussion}{}% 9
\BOOKMARK [2][-]{subsection.4.1}{Allocation trade-off}{section.4}% 10
\BOOKMARK [2][-]{subsection.4.2}{Plasticity effect}{section.4}% 11
\BOOKMARK [2][-]{subsection.4.3}{Going further with plasticity}{section.4}% 12
\BOOKMARK [1][-]{section.5}{Conclusion}{}% 13
\BOOKMARK [1][-]{section.6}{Conclusion}{}% 14
\BOOKMARK [1][-]{section.7}{MountGrass description}{}% 15
\BOOKMARK [1][-]{section.8}{State variables, traits and parameters}{}% 16
\BOOKMARK [2][-]{subsection.8.1}{State variables}{section.8}% 17
\BOOKMARK [2][-]{subsection.8.2}{Species specific traits}{section.8}% 18
\BOOKMARK [2][-]{subsection.8.3}{Parameters}{section.8}% 19
\BOOKMARK [1][-]{section.9}{Simulations}{}% 20
