\BOOKMARK [1][-]{section.1}{Objectives}{}% 1
\BOOKMARK [2][-]{subsection.1.1}{Generic framework for modelling of plant communities}{section.1}% 2
\BOOKMARK [2][-]{subsection.1.2}{The effect of phenotypic plasticity on plant community dynamics}{section.1}% 3
\BOOKMARK [1][-]{section.2}{Literature review}{}% 4
\BOOKMARK [2][-]{subsection.2.1}{Context: mountain grasslands and climate change}{section.2}% 5
\BOOKMARK [2][-]{subsection.2.2}{Existing solutions/approaches}{section.2}% 6
\BOOKMARK [1][-]{section.3}{Generic model for plant community dynamics}{}% 7
\BOOKMARK [2][-]{subsection.3.1}{Introduction}{section.3}% 8
\BOOKMARK [2][-]{subsection.3.2}{Strategy space and allocation pools}{section.3}% 9
\BOOKMARK [2][-]{subsection.3.3}{Model overview}{section.3}% 10
\BOOKMARK [2][-]{subsection.3.4}{Plasticity: between species memory and individual experience}{section.3}% 11
\BOOKMARK [2][-]{subsection.3.5}{Parameter filtering and sensitivity analysis}{section.3}% 12
\BOOKMARK [2][-]{subsection.3.6}{Community dynamics parametrisation}{section.3}% 13
\BOOKMARK [1][-]{section.4}{Model's properties and individuals response}{}% 14
\BOOKMARK [2][-]{subsection.4.1}{Craft a trade-of and phenotypic map}{section.4}% 15
\BOOKMARK [2][-]{subsection.4.2}{Niche response}{section.4}% 16
\BOOKMARK [2][-]{subsection.4.3}{Transitivity and competition}{section.4}% 17
\BOOKMARK [1][-]{section.5}{The effect of phenotypic plasticity on plant community dynamics}{}% 18
\BOOKMARK [2][-]{subsection.5.1}{Individual resistance and resilience against drought events}{section.5}% 19
\BOOKMARK [2][-]{subsection.5.2}{Community response to drought event}{section.5}% 20
