\BOOKMARK [-1][-]{part.1}{\376\377\000I\000\040\000I\000n\000t\000r\000o\000d\000u\000c\000t\000i\000o\000n}{}% 1
\BOOKMARK [0][-]{chapter.I.chapter.1}{\376\377\000C\000o\000n\000t\000e\000x\000t}{part.1}% 2
\BOOKMARK [1][-]{section.I.section.1.1}{\376\377\000G\000l\000o\000b\000a\000l\000\040\000c\000h\000a\000n\000g\000e\000:\000\040\000h\000o\000w\000\040\000t\000o\000\040\000d\000e\000s\000c\000r\000i\000b\000e\000\040\000t\000h\000e\000\040\000f\000u\000t\000u\000r\000e\000\040\000o\000f\000\040\000a\000l\000p\000i\000n\000e\000\040\000e\000c\000o\000s\000y\000s\000t\000e\000m\000s\000?}{chapter.I.chapter.1}% 3
\BOOKMARK [1][-]{section.I.section.1.2}{\376\377\000T\000h\000e\000\040\000n\000e\000e\000d\000\040\000f\000o\000r\000\040\000n\000e\000w\000\040\000m\000e\000c\000h\000a\000n\000i\000s\000t\000i\000c\000\040\000m\000o\000d\000e\000l\000s}{chapter.I.chapter.1}% 4
\BOOKMARK [0][-]{chapter.I.chapter.2}{\376\377\000A\000i\000m\000s\000,\000\040\000O\000b\000j\000e\000c\000t\000i\000v\000e\000s\000,\000\040\000a\000n\000d\000\040\000O\000v\000e\000r\000v\000i\000e\000w}{part.1}% 5
\BOOKMARK [1][-]{section.I.section.2.1}{\376\377\000A\000i\000m\000s\000:\000\040\000u\000n\000d\000e\000r\000s\000t\000a\000n\000d\000i\000n\000g\000\040\000a\000n\000d\000\040\000p\000r\000e\000d\000i\000c\000t\000i\000o\000n}{chapter.I.chapter.2}% 6
\BOOKMARK [1][-]{section.I.section.2.2}{\376\377\000O\000b\000j\000e\000c\000t\000i\000v\000e\000s\000:\000\040\000a\000\040\000n\000e\000w\000\040\000a\000g\000e\000n\000t\000-\000b\000a\000s\000e\000d\000\040\000m\000o\000d\000e\000l\000\040\000f\000o\000r\000\040\000p\000l\000a\000n\000t\000\040\000c\000o\000m\000m\000u\000n\000i\000t\000y\000\040\000d\000y\000n\000a\000m\000i\000c\000s}{chapter.I.chapter.2}% 7
\BOOKMARK [1][-]{section.I.section.2.3}{\376\377\000T\000h\000e\000s\000i\000s\000\040\000o\000v\000e\000r\000v\000i\000e\000w}{chapter.I.chapter.2}% 8
\BOOKMARK [-1][-]{part.2}{\376\377\000I\000I\000\040\000B\000a\000c\000k\000g\000r\000o\000u\000n\000d\000:\000\040\000c\000o\000m\000m\000u\000n\000i\000t\000y\000\040\000d\000y\000n\000a\000m\000i\000c\000s\000,\000\040\000t\000r\000a\000i\000t\000s\000\040\000a\000n\000d\000\040\000p\000h\000e\000n\000o\000t\000y\000p\000i\000c\000\040\000p\000l\000a\000s\000t\000i\000c\000i\000t\000y}{}% 9
\BOOKMARK [0][-]{chapter.II.chapter.1}{\376\377\000U\000n\000d\000e\000r\000s\000t\000a\000n\000d\000i\000n\000g\000\040\000c\000o\000m\000m\000u\000n\000i\000t\000y\000\040\000d\000y\000n\000a\000m\000i\000c\000s\000\040\000a\000n\000d\000\040\000p\000r\000o\000p\000e\000r\000t\000i\000e\000s\000:\000\040\000d\000r\000i\000v\000e\000r\000s\000\040\000a\000n\000d\000\040\000t\000h\000e\000o\000r\000i\000e\000s}{part.2}% 10
\BOOKMARK [1][-]{section.II.section.1.1}{\376\377\000C\000o\000m\000m\000u\000n\000i\000t\000y\000\040\000a\000s\000s\000e\000m\000b\000l\000y\000\040\000a\000n\000d\000\040\000c\000o\000e\000x\000i\000s\000t\000e\000n\000c\000e}{chapter.II.chapter.1}% 11
\BOOKMARK [1][-]{section.II.section.1.2}{\376\377\000T\000h\000e\000\040\000c\000o\000m\000p\000l\000e\000x\000i\000t\000y\000\040\000o\000f\000\040\000d\000i\000v\000e\000r\000s\000i\000t\000y}{chapter.II.chapter.1}% 12
\BOOKMARK [0][-]{chapter.II.chapter.2}{\376\377\000H\000o\000w\000\040\000t\000o\000\040\000r\000e\000p\000r\000e\000s\000e\000n\000t\000\040\000p\000l\000a\000n\000t\000\040\000c\000o\000m\000m\000u\000n\000i\000t\000y}{part.2}% 13
\BOOKMARK [1][-]{section.II.section.2.1}{\376\377\000T\000h\000e\000\040\000c\000o\000n\000t\000i\000n\000u\000i\000t\000y\000\040\000o\000f\000\040\000f\000u\000n\000c\000t\000i\000o\000n\000a\000l\000\040\000e\000c\000o\000l\000o\000g\000y}{chapter.II.chapter.2}% 14
\BOOKMARK [1][-]{section.II.section.2.2}{\376\377\000H\000o\000w\000\040\000t\000r\000a\000d\000e\000-\000o\000f\000f\000s\000\040\000m\000a\000k\000e\000\040\000s\000t\000r\000a\000t\000e\000g\000y\000\040\000s\000p\000a\000c\000e}{chapter.II.chapter.2}% 15
\BOOKMARK [1][-]{section.II.section.2.3}{\376\377\000H\000o\000w\000\040\000t\000r\000a\000i\000t\000s\000\040\000l\000i\000n\000k\000\040\000t\000o\000\040\000e\000c\000o\000s\000y\000s\000t\000e\000m\000\040\000p\000r\000o\000p\000e\000r\000t\000i\000e\000s}{chapter.II.chapter.2}% 16
\BOOKMARK [1][-]{section.II.section.2.4}{\376\377\000M\000o\000d\000e\000l\000l\000i\000n\000g\000\040\000d\000i\000v\000e\000r\000s\000e\000\040\000p\000l\000a\000n\000t\000\040\000c\000o\000m\000m\000u\000n\000i\000t\000y}{chapter.II.chapter.2}% 17
\BOOKMARK [0][-]{chapter.II.chapter.3}{\376\377\000T\000h\000e\000\040\000i\000m\000p\000o\000r\000t\000a\000n\000c\000e\000\040\000o\000f\000\040\000p\000h\000e\000n\000o\000t\000y\000p\000i\000c\000\040\000p\000l\000a\000s\000t\000i\000c\000i\000t\000y\000\040\000a\000s\000\040\000a\000\040\000s\000p\000e\000c\000i\000f\000i\000c\000\040\000c\000a\000s\000e\000\040\000i\000n\000t\000r\000a\000-\000s\000p\000e\000c\000i\000f\000i\000c\000\040\000v\000a\000r\000i\000a\000b\000i\000l\000i\000t\000y}{part.2}% 18
\BOOKMARK [1][-]{section.II.section.3.1}{\376\377\000I\000n\000t\000r\000a\000-\000s\000p\000e\000c\000i\000f\000i\000c\000\040\000v\000a\000r\000i\000a\000b\000i\000l\000i\000t\000y\000\040\000c\000h\000a\000n\000g\000e\000\040\000t\000h\000e\000\040\000r\000u\000l\000e\000s}{chapter.II.chapter.3}% 19
\BOOKMARK [1][-]{section.II.section.3.2}{\376\377\000P\000h\000e\000n\000o\000t\000y\000p\000i\000c\000\040\000p\000l\000a\000s\000t\000i\000c\000i\000t\000y\000:\000\040\000a\000\040\000s\000p\000e\000c\000i\000f\000i\000c\000\040\000c\000a\000s\000e\000\040\000o\000f\000\040\000i\000n\000t\000r\000a\000-\000s\000p\000e\000c\000i\000f\000i\000c\000\040\000v\000a\000r\000i\000a\000b\000i\000l\000i\000t\000y}{chapter.II.chapter.3}% 20
\BOOKMARK [1][-]{section.II.section.3.3}{\376\377\000T\000o\000w\000a\000r\000d\000\040\000a\000n\000\040\000i\000n\000t\000e\000g\000r\000a\000t\000i\000v\000e\000\040\000f\000r\000a\000m\000e\000w\000o\000r\000k\000\040\000o\000f\000\040\000p\000l\000a\000n\000t\000\040\000s\000t\000r\000a\000t\000e\000g\000y\000\040\000a\000n\000d\000\040\000p\000h\000e\000n\000o\000t\000y\000p\000i\000c\000\040\000p\000l\000a\000s\000t\000i\000c\000i\000t\000y}{chapter.II.chapter.3}% 21
\BOOKMARK [1][-]{section.II.section.3.4}{\376\377\000H\000o\000w\000\040\000p\000h\000e\000n\000o\000t\000y\000p\000i\000c\000\040\000p\000l\000a\000s\000t\000i\000c\000i\000t\000y\000\040\000a\000f\000f\000e\000c\000t\000\040\000e\000c\000o\000s\000y\000s\000t\000e\000m\000\040\000p\000r\000o\000p\000e\000r\000t\000i\000e\000s\000\040\000a\000n\000d\000\040\000d\000y\000n\000a\000m\000i\000c\000s}{chapter.II.chapter.3}% 22
\BOOKMARK [-1][-]{part.3}{\376\377\000I\000I\000I\000\040\000M\000o\000d\000e\000l\000l\000i\000n\000g\000\040\000a\000l\000p\000i\000n\000e\000\040\000g\000r\000a\000s\000s\000l\000a\000n\000d\000s\000\040\000w\000i\000t\000h\000\040\000M\000o\000u\000n\000t\000G\000r\000a\000s\000s\000,\000\040\000a\000\040\000g\000e\000n\000e\000r\000i\000c\000\040\000f\000r\000a\000m\000e\000w\000o\000r\000k\000\040\000i\000n\000t\000e\000g\000r\000a\000t\000i\000n\000g\000\040\000p\000h\000e\000n\000o\000t\000y\000p\000i\000c\000\040\000p\000l\000a\000s\000t\000i\000c\000i\000t\000y}{}% 23
\BOOKMARK [0][-]{chapter.III.chapter.1}{\376\377\000A\000l\000p\000i\000n\000e\000\040\000e\000n\000v\000i\000r\000o\000n\000m\000e\000n\000t\000:\000\040\000c\000o\000n\000d\000i\000t\000i\000o\000n\000s\000,\000\040\000r\000e\000s\000o\000u\000r\000c\000e\000s\000,\000\040\000a\000n\000d\000\040\000p\000e\000r\000t\000u\000r\000b\000a\000t\000i\000o\000n\000s}{part.3}% 24
\BOOKMARK [1][-]{section.III.section.1.1}{\376\377\000T\000h\000e\000\040\000s\000c\000a\000l\000e\000s\000\040\000o\000f\000\040\000a\000l\000p\000i\000n\000e\000\040\000g\000r\000a\000s\000s\000l\000a\000n\000d\000s}{chapter.III.chapter.1}% 25
\BOOKMARK [1][-]{section.III.section.1.2}{\376\377\000R\000e\000s\000o\000u\000r\000c\000e\000s\000:\000\040\000l\000i\000g\000h\000t\000\040\000a\000n\000d\000\040\000w\000a\000t\000e\000r}{chapter.III.chapter.1}% 26
\BOOKMARK [1][-]{section.III.section.1.3}{\376\377\000P\000e\000r\000t\000u\000r\000b\000a\000t\000i\000o\000n\000s\000:\000\040\000f\000r\000o\000s\000t\000,\000\040\000g\000r\000a\000z\000i\000n\000g\000,\000\040\000a\000n\000d\000\040\000m\000o\000w\000i\000n\000g}{chapter.III.chapter.1}% 27
\BOOKMARK [0][-]{chapter.III.chapter.2}{\376\377\000M\000u\000l\000t\000i\000-\000d\000i\000m\000e\000n\000s\000i\000o\000n\000a\000l\000\040\000s\000t\000r\000a\000t\000e\000g\000y\000\040\000s\000p\000a\000c\000e\000,\000\040\000c\000a\000r\000b\000o\000n\000\040\000p\000o\000o\000l\000s\000,\000\040\000a\000n\000d\000\040\000t\000r\000a\000d\000e\000-\000o\000f\000f\000s}{part.3}% 28
\BOOKMARK [1][-]{section.III.section.2.1}{\376\377\000M\000u\000l\000t\000i\000-\000d\000i\000m\000e\000n\000s\000i\000o\000n\000a\000l\000\040\000s\000t\000r\000a\000t\000e\000g\000y\000\040\000s\000p\000a\000c\000e\000\040\000a\000n\000d\000\040\000a\000l\000l\000o\000c\000a\000t\000i\000o\000n\000\040\000p\000o\000o\000l\000s}{chapter.III.chapter.2}% 29
\BOOKMARK [1][-]{section.III.section.2.2}{\376\377\000C\000r\000a\000f\000t\000\040\000a\000\040\000t\000r\000a\000d\000e\000-\000o\000f\000f\000:\000\040\000a\000c\000t\000i\000v\000e\000\040\000a\000n\000d\000\040\000s\000t\000r\000u\000c\000t\000u\000r\000a\000l\000\040\000t\000i\000s\000s\000u\000e\000s}{chapter.III.chapter.2}% 30
\BOOKMARK [0][-]{chapter.III.chapter.3}{\376\377\000M\000o\000d\000e\000l\000l\000i\000n\000g\000\040\000p\000h\000e\000n\000o\000t\000y\000p\000i\000c\000\040\000p\000l\000a\000s\000t\000i\000c\000i\000t\000y}{part.3}% 31
\BOOKMARK [1][-]{section.III.section.3.1}{\376\377\000P\000l\000a\000s\000t\000i\000c\000i\000t\000y\000\040\000a\000s\000\040\000a\000\040\000s\000t\000r\000a\000t\000e\000g\000y\000:\000\040\000b\000e\000t\000w\000e\000e\000n\000\040\000s\000p\000e\000c\000i\000e\000s\000\040\000m\000e\000m\000o\000r\000y\000\040\000a\000n\000d\000\040\000i\000n\000d\000i\000v\000i\000d\000u\000a\000l\000\040\000e\000x\000p\000e\000r\000i\000e\000n\000c\000e}{chapter.III.chapter.3}% 32
\BOOKMARK [1][-]{section.III.section.3.2}{\376\377\000D\000r\000i\000v\000i\000n\000g\000\040\000r\000u\000l\000e\000s\000\040\000o\000f\000\040\000a\000l\000l\000o\000c\000a\000t\000i\000o\000n}{chapter.III.chapter.3}% 33
\BOOKMARK [0][-]{chapter.III.chapter.4}{\376\377\000O\000D\000D\000\040\000d\000e\000s\000c\000r\000i\000p\000t\000i\000o\000n\000\040\000o\000f\000\040\000t\000h\000e\000\040\000m\000o\000d\000e\000l\000\040\000M\000o\000u\000n\000t\000G\000r\000a\000s\000s\000\040}{part.3}% 34
\BOOKMARK [1][-]{section.III.section.4.1}{\376\377\000M\000o\000d\000e\000l\000\040\000o\000v\000e\000r\000v\000i\000e\000w}{chapter.III.chapter.4}% 35
\BOOKMARK [1][-]{section.III.section.4.2}{\376\377\000D\000e\000s\000i\000g\000n\000\040\000c\000o\000n\000c\000e\000p\000t\000s}{chapter.III.chapter.4}% 36
\BOOKMARK [1][-]{section.III.section.4.3}{\376\377\000D\000e\000t\000a\000i\000l\000s}{chapter.III.chapter.4}% 37
\BOOKMARK [1][-]{section.III.section.4.4}{\376\377\000L\000i\000m\000i\000t\000a\000t\000i\000o\000n\000s\000\040\000a\000n\000d\000\040\000p\000r\000o\000b\000l\000e\000m\000s}{chapter.III.chapter.4}% 38
\BOOKMARK [-1][-]{part.4}{\376\377\000I\000V\000\040\000I\000n\000d\000i\000v\000i\000d\000u\000a\000l\000\040\000p\000e\000r\000f\000o\000r\000m\000a\000n\000c\000e\000:\000\040\000s\000t\000r\000a\000t\000e\000g\000y\000\040\000a\000n\000d\000\040\000p\000l\000a\000s\000t\000i\000c\000i\000t\000y}{}% 39
\BOOKMARK [0][-]{chapter.IV.chapter.1}{\376\377\000M\000o\000d\000e\000l\000\040\000p\000r\000o\000p\000e\000r\000t\000i\000e\000s\000\040\000a\000n\000d\000\040\000i\000n\000d\000i\000v\000i\000d\000u\000a\000l\000\040\000r\000e\000s\000p\000o\000n\000s\000e\000s}{part.4}% 40
\BOOKMARK [1][-]{section.IV.section.1.1}{\376\377\000P\000a\000r\000a\000m\000e\000t\000r\000i\000s\000a\000t\000i\000o\000n\000\040\000a\000n\000d\000\040\000s\000e\000n\000s\000i\000t\000i\000v\000i\000t\000y\000\040\000a\000n\000a\000l\000y\000s\000i\000s}{chapter.IV.chapter.1}% 41
\BOOKMARK [1][-]{section.IV.section.1.2}{\376\377\000I\000n\000d\000i\000v\000i\000d\000u\000a\000l\000\040\000l\000e\000v\000e\000l\000\040\000b\000e\000h\000a\000v\000i\000o\000u\000r\000\040\000a\000n\000d\000\040\000p\000r\000o\000p\000e\000r\000t\000i\000e\000s\000\040\000o\000f\000\040\000p\000l\000a\000s\000t\000i\000c\000\040\000a\000l\000l\000o\000c\000a\000t\000i\000o\000n\000\040\000a\000l\000g\000o\000r\000i\000t\000h\000m\000\040\000d\000r\000i\000v\000e\000n\000\040\000b\000y\000\040\000t\000h\000e\000\040\000p\000l\000a\000n\000t\000\040\000m\000e\000m\000o\000r\000y}{chapter.IV.chapter.1}% 42
\BOOKMARK [0][-]{chapter.IV.chapter.2}{\376\377\000I\000n\000d\000i\000v\000i\000d\000u\000a\000l\000\040\000p\000e\000r\000f\000o\000r\000m\000a\000n\000c\000e\000,\000\040\000p\000l\000a\000s\000t\000i\000c\000i\000t\000y\000\040\000a\000n\000d\000\040\000v\000a\000r\000i\000a\000b\000l\000e\000\040\000c\000o\000n\000d\000i\000t\000i\000o\000n\000s}{part.4}% 43
\BOOKMARK [1][-]{section.IV.section.2.1}{\376\377\000I\000n\000d\000i\000v\000i\000d\000u\000a\000l\000\040\000p\000e\000r\000f\000o\000r\000m\000a\000n\000c\000e\000:\000\040\000b\000e\000t\000w\000e\000e\000n\000\040\000s\000t\000r\000a\000t\000e\000g\000y\000,\000\040\000m\000e\000m\000o\000r\000y\000\040\000a\000n\000d\000\040\000p\000l\000a\000s\000t\000i\000c\000i\000t\000y}{chapter.IV.chapter.2}% 44
\BOOKMARK [1][-]{section.IV.section.2.2}{\376\377\000P\000l\000a\000s\000t\000i\000c\000i\000t\000y\000\040\000a\000n\000d\000\040\000v\000a\000r\000i\000a\000b\000i\000l\000i\000t\000y\000\040\000o\000f\000\040\000c\000o\000n\000d\000i\000t\000i\000o\000n\000s}{chapter.IV.chapter.2}% 45
\BOOKMARK [1][-]{section.IV.section.2.3}{\376\377\000F\000r\000o\000m\000\040\000m\000o\000d\000e\000l\000\040\000b\000e\000h\000a\000v\000i\000o\000u\000r\000\040\000t\000o\000\040\000c\000o\000m\000p\000e\000t\000i\000t\000i\000o\000n\000\040\000a\000n\000d\000\040\000c\000o\000e\000x\000i\000s\000t\000e\000n\000c\000e\000\040\000i\000n\000\040\000t\000h\000e\000\040\000r\000e\000a\000l\000\040\000w\000o\000r\000l\000d}{chapter.IV.chapter.2}% 46
\BOOKMARK [-1][-]{part.5}{\376\377\000V\000\040\000C\000o\000m\000m\000u\000n\000i\000t\000y\000\040\000d\000y\000n\000a\000m\000i\000c\000s}{}% 47
\BOOKMARK [0][-]{chapter.V.chapter.1}{\376\377\000C\000o\000m\000m\000u\000n\000i\000t\000y\000\040\000l\000e\000v\000e\000l\000\040\000s\000i\000m\000u\000l\000a\000t\000i\000o\000n\000s\000:\000\040\000n\000o\000n\000\040\000p\000l\000a\000s\000t\000i\000c\000\040\000c\000o\000m\000m\000u\000n\000i\000t\000y}{part.5}% 48
\BOOKMARK [1][-]{section.V.section.1.1}{\376\377\000P\000a\000r\000a\000m\000e\000t\000e\000r\000\040\000f\000i\000l\000t\000e\000r\000i\000n\000g}{chapter.V.chapter.1}% 49
\BOOKMARK [1][-]{section.V.section.1.2}{\376\377\000N\000o\000n\000\040\000p\000l\000a\000s\000t\000i\000c\000\040\000c\000o\000m\000m\000u\000n\000i\000t\000i\000e\000s}{chapter.V.chapter.1}% 50
\BOOKMARK [0][-]{chapter.V.chapter.2}{\376\377\000P\000l\000a\000s\000t\000i\000c\000i\000t\000y\000:\000\040\000i\000m\000p\000a\000c\000t\000\040\000o\000n\000\040\000s\000p\000e\000c\000i\000e\000s\000\040\000f\000i\000t\000n\000e\000s\000s\000\040\000a\000n\000d\000\040\000d\000i\000v\000e\000r\000s\000i\000t\000y}{part.5}% 51
\BOOKMARK [1][-]{section.V.section.2.1}{\376\377\000P\000l\000a\000s\000t\000i\000c\000i\000t\000y\000\040\000a\000n\000d\000\040\000d\000i\000v\000e\000r\000s\000i\000t\000y}{chapter.V.chapter.2}% 52
\BOOKMARK [-1][-]{part.6}{\376\377\000V\000I\000\040\000S\000y\000n\000t\000h\000e\000s\000i\000s\000\040\000\046\000\040\000O\000u\000t\000l\000o\000o\000k}{}% 53
\BOOKMARK [0][-]{chapter.VI.chapter.1}{\376\377\000S\000y\000n\000t\000h\000e\000s\000i\000s}{part.6}% 54
\BOOKMARK [1][-]{section.VI.section.1.1}{\376\377\000M\000o\000d\000e\000l\000l\000i\000n\000g\000\040\000d\000i\000v\000e\000r\000s\000e\000\040\000c\000o\000m\000m\000u\000n\000i\000t\000y}{chapter.VI.chapter.1}% 55
\BOOKMARK [1][-]{section.VI.section.1.2}{\376\377\000E\000f\000f\000e\000c\000t\000\040\000o\000f\000\040\000p\000l\000a\000s\000t\000i\000c\000i\000t\000y\000\040\000o\000f\000\040\000m\000o\000u\000n\000t\000a\000i\000n\000\040\000g\000r\000a\000s\000s\000l\000a\000n\000d\000s\000\040\000p\000r\000o\000p\000e\000r\000t\000i\000e\000s}{chapter.VI.chapter.1}% 56
\BOOKMARK [1][-]{section.VI.section.1.3}{\376\377\000O\000n\000\040\000p\000l\000a\000s\000t\000i\000c\000i\000t\000y\000\040\000m\000o\000d\000e\000l\000l\000i\000n\000g}{chapter.VI.chapter.1}% 57
\BOOKMARK [1][-]{section.VI.section.1.4}{\376\377\000T\000h\000e\000\040\000l\000i\000m\000i\000t\000\040\000o\000f\000\040\000t\000h\000e\000\040\000s\000p\000e\000c\000i\000e\000s\000.}{chapter.VI.chapter.1}% 58
\BOOKMARK [0][-]{chapter.VI.chapter.2}{\376\377\000O\000u\000t\000l\000o\000o\000k}{part.6}% 59
\BOOKMARK [1][-]{section.VI.section.2.1}{\376\377\000C\000o\000m\000p\000e\000t\000i\000t\000i\000o\000n\000\040\000a\000n\000d\000\040\000f\000e\000e\000d\000b\000a\000c\000k}{chapter.VI.chapter.2}% 60
\BOOKMARK [1][-]{section.VI.section.2.2}{\376\377\000E\000x\000t\000e\000n\000d\000\040\000t\000o\000\040\000c\000l\000i\000m\000a\000t\000e\000\040\000c\000h\000a\000n\000g\000e\000\040\000e\000f\000f\000e\000c\000t\000s}{chapter.VI.chapter.2}% 61
\BOOKMARK [0][-]{chapter.VI.chapter.3}{\376\377\000E\000x\000t\000e\000n\000s\000i\000o\000n\000s}{part.6}% 62
\BOOKMARK [1][-]{section.VI.section.3.1}{\376\377\000E\000c\000o\000l\000o\000g\000y\000\040\000o\000f\000\040\000p\000l\000a\000s\000t\000i\000c\000i\000t\000y\000:\000\040\000p\000l\000a\000s\000t\000i\000c\000i\000t\000y\000\040\000a\000s\000\040\000a\000\040\000t\000r\000a\000i\000t}{chapter.VI.chapter.3}% 63
\BOOKMARK [1][-]{section.VI.section.3.2}{\376\377\000I\000n\000c\000l\000u\000d\000e\000\040\000n\000i\000t\000r\000o\000g\000e\000n\000:\000\040\000s\000o\000u\000r\000c\000e\000\040\000o\000f\000\040\000t\000r\000a\000d\000e\000-\000o\000f\000f}{chapter.VI.chapter.3}% 64
\BOOKMARK [1][-]{section.VI.section.3.3}{\376\377\000F\000o\000r\000\040\000m\000o\000r\000e\000\040\000i\000n\000t\000e\000r\000a\000c\000t\000i\000o\000n}{chapter.VI.chapter.3}% 65
\BOOKMARK [0][-]{section*.178}{\376\377\000G\000l\000o\000s\000s\000a\000r\000y}{part.6}% 66
\BOOKMARK [0][-]{chapter.VI.chapter.4}{\376\377\000I\000n\000d\000e\000x}{part.6}% 67
